  мой проект.cpp
C:\Users\User\source\repos\мой проект\мой проект\мой проект.cpp(10,14): warning C4838: Преобразование из "int" в "SHORT" требует сужающего преобразования.
C:\Users\User\source\repos\мой проект\мой проект\мой проект.cpp(10,17): warning C4838: Преобразование из "int" в "SHORT" требует сужающего преобразования.
C:\Users\User\source\repos\мой проект\мой проект\мой проект.cpp(27,23): warning C4838: Преобразование из "int" в "SHORT" требует сужающего преобразования.
C:\Users\User\source\repos\мой проект\мой проект\мой проект.cpp(27,25): warning C4838: Преобразование из "int" в "SHORT" требует сужающего преобразования.
C:\Users\User\source\repos\мой проект\мой проект\мой проект.cpp(37,12): warning C4244: аргумент: преобразование "time_t" в "unsigned int", возможна потеря данных
C:\Users\User\source\repos\мой проект\мой проект\мой проект.cpp(181,8): warning C4554: "&": проверьте приоритет операторов на ошибки; для уточнения приоритета используйте скобки
C:\Users\User\source\repos\мой проект\мой проект\мой проект.cpp(181,101): warning C4554: "&": проверьте приоритет операторов на ошибки; для уточнения приоритета используйте скобки
C:\Users\User\source\repos\мой проект\мой проект\мой проект.cpp(471,29): warning C4838: Преобразование из "int" в "SHORT" требует сужающего преобразования.
C:\Users\User\source\repos\мой проект\мой проект\мой проект.cpp(475,29): warning C4838: Преобразование из "int" в "SHORT" требует сужающего преобразования.
C:\Users\User\source\repos\мой проект\мой проект\мой проект.cpp(480,29): warning C4838: Преобразование из "int" в "SHORT" требует сужающего преобразования.
C:\Users\User\source\repos\мой проект\мой проект\мой проект.cpp(492,27): warning C4838: Преобразование из "int" в "SHORT" требует сужающего преобразования.
C:\Users\User\source\repos\мой проект\мой проект\мой проект.cpp(496,28): warning C4838: Преобразование из "int" в "SHORT" требует сужающего преобразования.
C:\Users\User\source\repos\мой проект\мой проект\мой проект.cpp(501,28): warning C4838: Преобразование из "int" в "SHORT" требует сужающего преобразования.
C:\Users\User\source\repos\мой проект\мой проект\мой проект.cpp(519,30): warning C4838: Преобразование из "int" в "SHORT" требует сужающего преобразования.
C:\Users\User\source\repos\мой проект\мой проект\мой проект.cpp(523,30): warning C4838: Преобразование из "int" в "SHORT" требует сужающего преобразования.
C:\Users\User\source\repos\мой проект\мой проект\мой проект.cpp(528,30): warning C4838: Преобразование из "int" в "SHORT" требует сужающего преобразования.
C:\Users\User\source\repos\мой проект\мой проект\мой проект.cpp(540,28): warning C4838: Преобразование из "int" в "SHORT" требует сужающего преобразования.
C:\Users\User\source\repos\мой проект\мой проект\мой проект.cpp(544,29): warning C4838: Преобразование из "int" в "SHORT" требует сужающего преобразования.
C:\Users\User\source\repos\мой проект\мой проект\мой проект.cpp(549,29): warning C4838: Преобразование из "int" в "SHORT" требует сужающего преобразования.
C:\Users\User\source\repos\мой проект\мой проект\мой проект.cpp(573,30): warning C4838: Преобразование из "int" в "SHORT" требует сужающего преобразования.
C:\Users\User\source\repos\мой проект\мой проект\мой проект.cpp(577,30): warning C4838: Преобразование из "int" в "SHORT" требует сужающего преобразования.
C:\Users\User\source\repos\мой проект\мой проект\мой проект.cpp(582,30): warning C4838: Преобразование из "int" в "SHORT" требует сужающего преобразования.
C:\Users\User\source\repos\мой проект\мой проект\мой проект.cpp(594,28): warning C4838: Преобразование из "int" в "SHORT" требует сужающего преобразования.
C:\Users\User\source\repos\мой проект\мой проект\мой проект.cpp(598,29): warning C4838: Преобразование из "int" в "SHORT" требует сужающего преобразования.
C:\Users\User\source\repos\мой проект\мой проект\мой проект.cpp(603,29): warning C4838: Преобразование из "int" в "SHORT" требует сужающего преобразования.
C:\Users\User\source\repos\мой проект\мой проект\мой проект.cpp(621,31): warning C4838: Преобразование из "int" в "SHORT" требует сужающего преобразования.
C:\Users\User\source\repos\мой проект\мой проект\мой проект.cpp(625,31): warning C4838: Преобразование из "int" в "SHORT" требует сужающего преобразования.
C:\Users\User\source\repos\мой проект\мой проект\мой проект.cpp(630,31): warning C4838: Преобразование из "int" в "SHORT" требует сужающего преобразования.
C:\Users\User\source\repos\мой проект\мой проект\мой проект.cpp(642,29): warning C4838: Преобразование из "int" в "SHORT" требует сужающего преобразования.
C:\Users\User\source\repos\мой проект\мой проект\мой проект.cpp(646,30): warning C4838: Преобразование из "int" в "SHORT" требует сужающего преобразования.
C:\Users\User\source\repos\мой проект\мой проект\мой проект.cpp(651,30): warning C4838: Преобразование из "int" в "SHORT" требует сужающего преобразования.
C:\Users\User\source\repos\мой проект\мой проект\мой проект.cpp(712,12): warning C4244: аргумент: преобразование "time_t" в "unsigned int", возможна потеря данных
  мой проект.vcxproj -> C:\Users\User\source\repos\мой проект\x64\Debug\мой проект.exe
